<?xml version="1.0" encoding="UTF-8"?>
<coverage generated="1680230828417" clover="3.2.0">
  <project timestamp="1680230828417" name="All files">
    <metrics statements="33" coveredstatements="33" conditionals="16" coveredconditionals="14" methods="5" coveredmethods="5" elements="54" coveredelements="52" complexity="0" loc="33" ncloc="33" packages="2" files="4" classes="4"/>
    <package name="cse341_finalGroupProject">
      <metrics statements="6" coveredstatements="6" conditionals="4" coveredconditionals="2" methods="2" coveredmethods="2"/>
      <file name="filterByTerm.js" path="C:\Users\mattk\OneDrive\Documents\School\Web Backend Development II\final\cse341_finalGroupProject\filterByTerm.js">
        <metrics statements="6" coveredstatements="6" conditionals="4" coveredconditionals="2" methods="2" coveredmethods="2"/>
        <line num="2" count="4" type="cond" truecount="1" falsecount="1"/>
        <line num="3" count="4" type="cond" truecount="1" falsecount="1"/>
        <line num="4" count="4" type="stmt"/>
        <line num="5" count="4" type="stmt"/>
        <line num="6" count="8" type="stmt"/>
        <line num="10" count="1" type="stmt"/>
      </file>
    </package>
    <package name="cse341_finalGroupProject.src">
      <metrics statements="27" coveredstatements="27" conditionals="12" coveredconditionals="12" methods="3" coveredmethods="3"/>
      <file name="adminTest.js" path="C:\Users\mattk\OneDrive\Documents\School\Web Backend Development II\final\cse341_finalGroupProject\src\adminTest.js">
        <metrics statements="9" coveredstatements="9" conditionals="4" coveredconditionals="4" methods="1" coveredmethods="1"/>
        <line num="2" count="5" type="stmt"/>
        <line num="3" count="5" type="stmt"/>
        <line num="4" count="5" type="stmt"/>
        <line num="6" count="5" type="stmt"/>
        <line num="7" count="130" type="cond" truecount="2" falsecount="0"/>
        <line num="8" count="10" type="stmt"/>
        <line num="12" count="5" type="cond" truecount="2" falsecount="0"/>
        <line num="13" count="5" type="stmt"/>
        <line num="16" count="1" type="stmt"/>
      </file>
      <file name="employeeTest.js" path="C:\Users\mattk\OneDrive\Documents\School\Web Backend Development II\final\cse341_finalGroupProject\src\employeeTest.js">
        <metrics statements="9" coveredstatements="9" conditionals="4" coveredconditionals="4" methods="1" coveredmethods="1"/>
        <line num="2" count="5" type="stmt"/>
        <line num="3" count="5" type="stmt"/>
        <line num="4" count="5" type="stmt"/>
        <line num="6" count="5" type="stmt"/>
        <line num="7" count="130" type="cond" truecount="2" falsecount="0"/>
        <line num="8" count="11" type="stmt"/>
        <line num="12" count="5" type="cond" truecount="2" falsecount="0"/>
        <line num="13" count="5" type="stmt"/>
        <line num="16" count="1" type="stmt"/>
      </file>
      <file name="equipmentTest.js" path="C:\Users\mattk\OneDrive\Documents\School\Web Backend Development II\final\cse341_finalGroupProject\src\equipmentTest.js">
        <metrics statements="9" coveredstatements="9" conditionals="4" coveredconditionals="4" methods="1" coveredmethods="1"/>
        <line num="2" count="5" type="stmt"/>
        <line num="3" count="5" type="stmt"/>
        <line num="4" count="5" type="stmt"/>
        <line num="6" count="5" type="stmt"/>
        <line num="7" count="130" type="cond" truecount="2" falsecount="0"/>
        <line num="8" count="12" type="stmt"/>
        <line num="12" count="5" type="cond" truecount="2" falsecount="0"/>
        <line num="13" count="5" type="stmt"/>
        <line num="16" count="1" type="stmt"/>
      </file>
    </package>
  </project>
</coverage>
