<?xml version="1.0" encoding="UTF-8"?>
<coverage generated="1680229043420" clover="3.2.0">
  <project timestamp="1680229043420" name="All files">
    <metrics statements="15" coveredstatements="15" conditionals="8" coveredconditionals="6" methods="3" coveredmethods="3" elements="26" coveredelements="24" complexity="0" loc="15" ncloc="15" packages="2" files="2" classes="2"/>
    <package name="cse341_finalGroupProject">
      <metrics statements="6" coveredstatements="6" conditionals="4" coveredconditionals="2" methods="2" coveredmethods="2"/>
      <file name="filterByTerm.js" path="C:\Users\mattk\OneDrive\Documents\School\Web Backend Development II\final\cse341_finalGroupProject\filterByTerm.js">
        <metrics statements="6" coveredstatements="6" conditionals="4" coveredconditionals="2" methods="2" coveredmethods="2"/>
        <line num="2" count="4" type="cond" truecount="1" falsecount="1"/>
        <line num="3" count="4" type="cond" truecount="1" falsecount="1"/>
        <line num="4" count="4" type="stmt"/>
        <line num="5" count="4" type="stmt"/>
        <line num="6" count="8" type="stmt"/>
        <line num="10" count="1" type="stmt"/>
      </file>
    </package>
    <package name="cse341_finalGroupProject.src">
      <metrics statements="9" coveredstatements="9" conditionals="4" coveredconditionals="4" methods="1" coveredmethods="1"/>
      <file name="equipmentTest.js" path="C:\Users\mattk\OneDrive\Documents\School\Web Backend Development II\final\cse341_finalGroupProject\src\equipmentTest.js">
        <metrics statements="9" coveredstatements="9" conditionals="4" coveredconditionals="4" methods="1" coveredmethods="1"/>
        <line num="2" count="15" type="stmt"/>
        <line num="3" count="15" type="stmt"/>
        <line num="4" count="15" type="stmt"/>
        <line num="6" count="15" type="stmt"/>
        <line num="7" count="390" type="cond" truecount="2" falsecount="0"/>
        <line num="8" count="33" type="stmt"/>
        <line num="12" count="15" type="cond" truecount="2" falsecount="0"/>
        <line num="13" count="15" type="stmt"/>
        <line num="16" count="3" type="stmt"/>
      </file>
    </package>
  </project>
</coverage>
