{"C:\\Users\\mattk\\OneDrive\\Documents\\School\\Web Backend Development II\\final\\cse341_finalGroupProject\\filterByTerm.js": {"path":"C:\\Users\\mattk\\OneDrive\\Documents\\School\\Web Backend Development II\\final\\cse341_finalGroupProject\\filterByTerm.js","statementMap":{"0":{"start":{"line":2,"column":2},"end":{"line":2,"column":61}},"1":{"start":{"line":2,"column":19},"end":{"line":2,"column":61}},"2":{"start":{"line":3,"column":2},"end":{"line":3,"column":64}},"3":{"start":{"line":3,"column":24},"end":{"line":3,"column":64}},"4":{"start":{"line":4,"column":16},"end":{"line":4,"column":43}},"5":{"start":{"line":5,"column":2},"end":{"line":7,"column":5}},"6":{"start":{"line":6,"column":4},"end":{"line":6,"column":41}},"7":{"start":{"line":10,"column":0},"end":{"line":10,"column":30}}},"fnMap":{"0":{"name":"filterByTerm","decl":{"start":{"line":1,"column":9},"end":{"line":1,"column":21}},"loc":{"start":{"line":1,"column":44},"end":{"line":8,"column":1}},"line":1},"1":{"name":"(anonymous_1)","decl":{"start":{"line":5,"column":25},"end":{"line":5,"column":26}},"loc":{"start":{"line":5,"column":49},"end":{"line":7,"column":3}},"line":5}},"branchMap":{"0":{"loc":{"start":{"line":2,"column":2},"end":{"line":2,"column":61}},"type":"if","locations":[{"start":{"line":2,"column":2},"end":{"line":2,"column":61}},{"start":{},"end":{}}],"line":2},"1":{"loc":{"start":{"line":3,"column":2},"end":{"line":3,"column":64}},"type":"if","locations":[{"start":{"line":3,"column":2},"end":{"line":3,"column":64}},{"start":{},"end":{}}],"line":3}},"s":{"0":4,"1":0,"2":4,"3":0,"4":4,"5":4,"6":8,"7":1},"f":{"0":4,"1":8},"b":{"0":[0,4],"1":[0,4]},"_coverageSchema":"1a1c01bbd47fc00a2c39e90264f33305004495a9","hash":"9f07cc51accd6af9153618a7abc8627536d5e8ca"}
,"C:\\Users\\mattk\\OneDrive\\Documents\\School\\Web Backend Development II\\final\\cse341_finalGroupProject\\src\\equipmentTest.js": {"path":"C:\\Users\\mattk\\OneDrive\\Documents\\School\\Web Backend Development II\\final\\cse341_finalGroupProject\\src\\equipmentTest.js","statementMap":{"0":{"start":{"line":2,"column":24},"end":{"line":2,"column":49}},"1":{"start":{"line":3,"column":20},"end":{"line":3,"column":25}},"2":{"start":{"line":4,"column":21},"end":{"line":4,"column":49}},"3":{"start":{"line":6,"column":4},"end":{"line":10,"column":5}},"4":{"start":{"line":7,"column":8},"end":{"line":9,"column":9}},"5":{"start":{"line":8,"column":12},"end":{"line":8,"column":28}},"6":{"start":{"line":12,"column":31},"end":{"line":12,"column":55}},"7":{"start":{"line":13,"column":4},"end":{"line":13,"column":29}},"8":{"start":{"line":16,"column":2},"end":{"line":16,"column":33}}},"fnMap":{"0":{"name":"equipmentName","decl":{"start":{"line":1,"column":9},"end":{"line":1,"column":22}},"loc":{"start":{"line":1,"column":38},"end":{"line":14,"column":3}},"line":1}},"branchMap":{"0":{"loc":{"start":{"line":7,"column":8},"end":{"line":9,"column":9}},"type":"if","locations":[{"start":{"line":7,"column":8},"end":{"line":9,"column":9}},{"start":{},"end":{}}],"line":7},"1":{"loc":{"start":{"line":12,"column":31},"end":{"line":12,"column":55}},"type":"binary-expr","locations":[{"start":{"line":12,"column":31},"end":{"line":12,"column":40}},{"start":{"line":12,"column":44},"end":{"line":12,"column":55}}],"line":12}},"s":{"0":15,"1":15,"2":15,"3":15,"4":390,"5":33,"6":15,"7":15,"8":3},"f":{"0":15},"b":{"0":[33,357],"1":[15,9]},"_coverageSchema":"1a1c01bbd47fc00a2c39e90264f33305004495a9","hash":"cc75dda162e568754c210b865c3e6a7eee2e7b5b"}
}
