{"C:\\Users\\spenc\\OneDrive\\Desktop\\cse341_finalProject\\cse341_finalGroupProject\\src\\equipmentTest.js": {"path":"C:\\Users\\spenc\\OneDrive\\Desktop\\cse341_finalProject\\cse341_finalGroupProject\\src\\equipmentTest.js","statementMap":{"0":{"start":{"line":2,"column":24},"end":{"line":2,"column":49}},"1":{"start":{"line":3,"column":20},"end":{"line":3,"column":25}},"2":{"start":{"line":4,"column":21},"end":{"line":4,"column":49}},"3":{"start":{"line":6,"column":4},"end":{"line":10,"column":5}},"4":{"start":{"line":7,"column":8},"end":{"line":9,"column":9}},"5":{"start":{"line":8,"column":12},"end":{"line":8,"column":28}},"6":{"start":{"line":12,"column":31},"end":{"line":12,"column":55}},"7":{"start":{"line":13,"column":4},"end":{"line":13,"column":29}},"8":{"start":{"line":16,"column":2},"end":{"line":16,"column":33}}},"fnMap":{"0":{"name":"equipmentName","decl":{"start":{"line":1,"column":9},"end":{"line":1,"column":22}},"loc":{"start":{"line":1,"column":38},"end":{"line":14,"column":3}},"line":1}},"branchMap":{"0":{"loc":{"start":{"line":7,"column":8},"end":{"line":9,"column":9}},"type":"if","locations":[{"start":{"line":7,"column":8},"end":{"line":9,"column":9}},{"start":{},"end":{}}],"line":7},"1":{"loc":{"start":{"line":12,"column":31},"end":{"line":12,"column":55}},"type":"binary-expr","locations":[{"start":{"line":12,"column":31},"end":{"line":12,"column":40}},{"start":{"line":12,"column":44},"end":{"line":12,"column":55}}],"line":12}},"s":{"0":5,"1":5,"2":5,"3":5,"4":130,"5":12,"6":5,"7":5,"8":1},"f":{"0":5},"b":{"0":[12,118],"1":[5,3]},"_coverageSchema":"1a1c01bbd47fc00a2c39e90264f33305004495a9","hash":"8d949b3eaca6171acd248d2a46bbeea6851ffd43"}
}
