TN:
SF:filterByTerm.js
FN:1,filterByTerm
FN:5,(anonymous_1)
FNF:2
FNH:2
FNDA:4,filterByTerm
FNDA:8,(anonymous_1)
DA:2,4
DA:3,4
DA:4,4
DA:5,4
DA:6,8
DA:10,1
LF:6
LH:6
BRDA:2,0,0,0
BRDA:2,0,1,4
BRDA:3,1,0,0
BRDA:3,1,1,4
BRF:4
BRH:2
end_of_record
TN:
SF:src\adminTest.js
FN:1,firstName
FNF:1
FNH:1
FNDA:5,firstName
DA:2,5
DA:3,5
DA:4,5
DA:6,5
DA:7,130
DA:8,10
DA:12,5
DA:13,5
DA:16,1
LF:9
LH:9
BRDA:7,0,0,10
BRDA:7,0,1,120
BRDA:12,1,0,5
BRDA:12,1,1,3
BRF:4
BRH:4
end_of_record
TN:
SF:src\employeeTest.js
FN:1,lastName
FNF:1
FNH:1
FNDA:5,lastName
DA:2,5
DA:3,5
DA:4,5
DA:6,5
DA:7,130
DA:8,11
DA:12,5
DA:13,5
DA:16,1
LF:9
LH:9
BRDA:7,0,0,11
BRDA:7,0,1,119
BRDA:12,1,0,5
BRDA:12,1,1,3
BRF:4
BRH:4
end_of_record
TN:
SF:src\equipmentTest.js
FN:1,equipmentName
FNF:1
FNH:1
FNDA:5,equipmentName
DA:2,5
DA:3,5
DA:4,5
DA:6,5
DA:7,130
DA:8,12
DA:12,5
DA:13,5
DA:16,1
LF:9
LH:9
BRDA:7,0,0,12
BRDA:7,0,1,118
BRDA:12,1,0,5
BRDA:12,1,1,3
BRF:4
BRH:4
end_of_record
